<?xml version="1.0" encoding="UTF-8"?>
<testsuite xmlns:xsi="http://www.w3.org/2001/XMLSchema-instance" xsi:noNamespaceSchemaLocation="https://maven.apache.org/surefire/maven-surefire-plugin/xsd/surefire-test-report.xsd" name="no.uib.inf101.gui.GamePanelTest" time="0.193" tests="2" errors="0" skipped="0" failures="0">
  <properties>
[...]
</properties>
  <testcase name="testStartAnimationRuns" classname="no.uib.inf101.gui.GamePanelTest" time="0.091"/>
  <testcase name="testGamePanelCanBeShownInFrame" classname="no.uib.inf101.gui.GamePanelTest" time="0.101"/>
</testsuite>